2025-02-09 09:56:43,402 - INFO - Ответ ассистента: а я то думал что мы друзья
2025-02-09 09:56:43,403 - INFO - Остановка аудиопотока...
2025-02-09 10:30:28,437 - INFO - Создан следующий путь для планировщика: G:\PycharmProjects\start_assistant.bat
2025-02-09 10:30:28,488 - INFO - Ответ ассистента: добрый вечер
2025-02-09 10:30:30,098 - INFO - Попытка загрузки модели
2025-02-09 10:30:30,098 - INFO - Используются модели:  ru - G:\PycharmProjects\oldAssistant_v2\model_ru; en - G:\PycharmProjects\oldAssistant_v2\model_en
2025-02-09 10:30:31,054 - INFO - Модели успешно загружены.
2025-02-09 10:30:45,918 - INFO - Распознано: абс
2025-02-09 10:30:46,183 - INFO - Распознано: whoops
2025-02-09 10:30:51,472 - INFO - Ярлыки сохранены в файле: G:\PycharmProjects\oldAssistant_v2\user_settings\links.json
2025-02-09 10:31:05,280 - INFO - Команда обновлена в файле.
2025-02-09 10:31:09,222 - INFO - Ответ ассистента: я бы не советовал тебе этого делать
2025-02-09 10:31:09,234 - INFO - Остановка аудиопотока...
2025-02-09 10:31:13,755 - INFO - Создан следующий путь для планировщика: G:\PycharmProjects\start_assistant.bat
2025-02-09 10:31:14,024 - INFO - Ответ ассистента: здравствуйте
2025-02-09 10:31:15,649 - INFO - Попытка загрузки модели
2025-02-09 10:31:15,649 - INFO - Используются модели:  ru - G:\PycharmProjects\oldAssistant_v2\model_ru; en - G:\PycharmProjects\oldAssistant_v2\model_en
2025-02-09 10:31:16,608 - INFO - Модели успешно загружены.
2025-02-09 10:31:23,493 - INFO - Распознано: as a christian arrest
2025-02-09 10:31:23,709 - INFO - Распознано: джонни запусти рост
2025-02-09 10:31:23,740 - INFO - Ответ ассистента: повтори ка еще раз
2025-02-09 10:31:29,348 - INFO - Распознано: джонни запусти раст
2025-02-09 10:31:29,358 - INFO - Запуск игры через Steam: 252490
2025-02-09 10:31:29,367 - INFO - Ответ ассистента: выключаю комп, да это шутка
2025-02-09 10:31:31,681 - INFO - Используем существующие процессы для игры 'Rust.url': ['EasyAntiCheat_EOS.exe', 'RustClient.exe', 'GameBar.exe', 'UnityCrashHandler64.exe']
2025-02-09 10:31:31,818 - INFO - Распознано: new as a priest to rest
2025-02-09 10:31:50,139 - INFO - Распознано: which was good or upcoming a stitches mixed on it's hirsch
2025-02-09 10:31:50,347 - INFO - Распознано: почему и когда рабская меня чувствительность мешки становится выше
2025-02-09 10:32:03,083 - INFO - Распознано: hundred music or harassed
2025-02-09 10:32:03,564 - INFO - Распознано: джонни закрой раст
2025-02-09 10:32:03,699 - INFO - Все процессы EasyAntiCheat_EOS.exe успешно завершены.
2025-02-09 10:32:03,809 - INFO - Все процессы RustClient.exe успешно завершены.
2025-02-09 10:32:03,918 - INFO - Все процессы GameBar.exe успешно завершены.
2025-02-09 10:32:04,049 - INFO - Все процессы UnityCrashHandler64.exe успешно завершены.
2025-02-09 10:32:04,049 - INFO - Ответ ассистента: сам не можешь закрыть. ну ладно
2025-02-09 10:32:06,664 - INFO - Все процессы завершены.
2025-02-09 10:32:08,514 - INFO - Распознано: mr
2025-02-09 10:32:08,719 - INFO - Распознано: во что
2025-02-09 10:32:11,127 - INFO - Распознано: cookery
2025-02-09 10:32:11,378 - INFO - Распознано: в какой
2025-02-09 10:32:14,270 - INFO - Распознано: hello
2025-02-09 10:32:14,739 - INFO - Распознано: на
2025-02-09 10:32:20,978 - INFO - Распознано: джонни запусти нефти
2025-02-09 10:32:20,985 - INFO - Ответ ассистента: не понимаю о чем ты
2025-02-09 10:32:23,437 - INFO - Распознано: hundred years of christian left
2025-02-09 10:32:25,610 - INFO - Распознано: нефть
2025-02-09 10:32:25,834 - INFO - Распознано: lift
2025-02-09 10:32:29,192 - INFO - Распознано: жене запусти нефти
2025-02-09 10:32:29,456 - INFO - Распознано: one has a push to lift
2025-02-09 10:32:33,290 - INFO - Распознано: джонни запустение
2025-02-09 10:32:33,301 - INFO - Ответ ассистента: нихрена не понимаю
2025-02-09 10:32:36,509 - INFO - Распознано: звука
2025-02-09 10:32:36,774 - INFO - Распознано: who joined the pristine left took
2025-02-09 10:32:41,570 - INFO - Распознано: джонни запусти нефти
2025-02-09 10:32:41,576 - INFO - Ответ ассистента: повтори ка еще раз
2025-02-09 10:32:43,825 - INFO - Распознано: join you as a pristine neft
2025-02-09 10:32:48,916 - INFO - Распознано: drawing yeah the bruce
2025-02-09 10:32:49,361 - INFO - Распознано: джонни запусти
2025-02-09 10:32:49,367 - INFO - Ответ ассистента: повтори ка еще раз
2025-02-09 10:32:58,109 - INFO - Распознано: джонни запусти нефть
2025-02-09 10:32:58,115 - INFO - Запуск игры через Epic Games Launcher: com.epicgames.launcher://apps/85c72a063b884d249a554fee9f71125d%3A26047d36df5e48aeaa570d1577f44b95%3A9b1148db19dc457aa1adf9f21ac6f0ff?action=launch&silent=true
2025-02-09 10:32:58,145 - INFO - Ответ ассистента: конечно, уже запустил
2025-02-09 10:33:00,361 - INFO - Ответ ассистента: подожди. собираю данные о процессах
2025-02-09 10:33:33,013 - ERROR - Не удалось определить новые процессы.
2025-02-09 10:33:33,157 - INFO - Распознано: during the pristine lift
2025-02-09 10:34:20,464 - INFO - Распознано: phyllis the recognition
2025-02-09 10:34:21,149 - INFO - Распознано: настройки графики
2025-02-09 10:34:25,954 - INFO - Распознано: ничего
2025-02-09 10:34:25,973 - INFO - Распознано: who's your
2025-02-09 10:34:56,669 - INFO - Распознано: джонни закрой нефти
2025-02-09 10:34:56,676 - INFO - Ответ ассистента: не понимаю о чем ты
2025-02-09 10:34:59,127 - INFO - Распознано: during your has a great lived
2025-02-09 10:35:02,232 - INFO - Распознано: джонни на закрой нефть
2025-02-09 10:35:02,238 - ERROR - Имена процессов не найдены.
2025-02-09 10:35:02,238 - INFO - Ответ ассистента: произошла ошибка
2025-02-09 10:35:04,150 - INFO - Ответ ассистента: сам не можешь закрыть. ну ладно
2025-02-09 10:35:06,765 - INFO - Все процессы завершены.
2025-02-09 10:35:06,907 - INFO - Распознано: journey was occurring left
2025-02-09 10:35:25,629 - INFO - Распознано: when there
2025-02-09 10:35:25,850 - INFO - Распознано: на
2025-02-09 10:35:40,798 - INFO - Распознано: hello
2025-02-09 10:35:42,899 - INFO - Распознано: подожди у меня музыка хера
2025-02-09 10:35:42,909 - INFO - Распознано: most searched
2025-02-09 10:36:33,301 - INFO - Распознано: так
2025-02-09 10:37:10,260 - INFO - Распознано: тебя ладно верх
2025-02-09 10:37:10,278 - INFO - Распознано: a lawyer
2025-02-09 10:37:15,310 - INFO - Распознано: не отец вопрос
2025-02-09 10:37:15,581 - INFO - Распознано: what is were workers
2025-02-09 10:37:55,910 - INFO - Распознано: hey
2025-02-09 10:38:07,645 - INFO - Распознано: моя сестра
2025-02-09 10:38:07,654 - INFO - Распознано: he's ruthless through
2025-02-09 10:38:10,300 - INFO - Распознано: да покеру
2025-02-09 10:38:10,306 - INFO - Распознано: the for sure
2025-02-09 10:38:15,579 - INFO - Распознано: будем считать что да
2025-02-09 10:38:15,806 - INFO - Распознано: which are such to the
2025-02-09 10:38:18,200 - INFO - Распознано: нет
2025-02-09 10:38:18,468 - INFO - Распознано: no
2025-02-09 10:38:21,562 - INFO - Распознано: или есть стой
2025-02-09 10:38:21,832 - INFO - Распознано: highly used to
2025-02-09 10:38:23,965 - INFO - Распознано: no used
2025-02-09 10:38:24,219 - INFO - Распознано: да есть
2025-02-09 10:38:28,771 - INFO - Распознано: lopresti post teach
2025-02-09 10:38:29,030 - INFO - Распознано: да вопрос стихи и обе
2025-02-09 10:38:32,605 - INFO - Распознано: models
2025-02-09 10:38:32,860 - INFO - Распознано: молятся
2025-02-09 10:38:40,541 - INFO - Распознано: блин
2025-02-09 10:38:40,778 - INFO - Распознано: when
2025-02-09 10:38:42,715 - INFO - Распознано: gift move to shit
2025-02-09 10:38:43,159 - INFO - Распознано: день нефти булькает уже
2025-02-09 10:42:03,101 - INFO - Список команд обновлён.
2025-02-09 10:42:05,738 - INFO - Ярлыки сохранены в файле: G:\PycharmProjects\oldAssistant_v2\user_settings\links.json
2025-02-09 10:42:12,922 - INFO - Команда обновлена в файле.
2025-02-09 10:42:21,277 - INFO - Создан следующий путь для планировщика: G:\PycharmProjects\start_assistant.bat
2025-02-09 10:42:21,378 - INFO - Ответ ассистента: с добрым утром
2025-02-09 10:42:23,087 - INFO - Попытка загрузки модели
2025-02-09 10:42:23,087 - INFO - Используются модели:  ru - G:\PycharmProjects\oldAssistant_v2\model_ru; en - G:\PycharmProjects\oldAssistant_v2\model_en
2025-02-09 10:42:24,104 - INFO - Модели успешно загружены.
2025-02-09 10:42:26,933 - INFO - Распознано: christian you
2025-02-09 10:42:27,190 - INFO - Распознано: пусть они
2025-02-09 10:42:32,798 - INFO - Распознано: джонни запусти нефть
2025-02-09 10:42:32,805 - INFO - Запуск игры через Epic Games Launcher: com.epicgames.launcher://apps/85c72a063b884d249a554fee9f71125d%3A26047d36df5e48aeaa570d1577f44b95%3A9b1148db19dc457aa1adf9f21ac6f0ff?action=launch&silent=true
2025-02-09 10:42:32,838 - INFO - Ответ ассистента: в процессе
2025-02-09 10:42:34,346 - INFO - Ответ ассистента: подожди. собираю данные о процессах
2025-02-09 10:42:56,992 - ERROR - Не удалось определить новые процессы.
2025-02-09 10:42:57,137 - INFO - Распознано: hundred years western yet
2025-02-09 10:43:34,891 - INFO - Пресет успешно загружен.
2025-02-09 10:46:01,048 - INFO - Распознано: he leaves me
2025-02-09 10:47:12,369 - INFO - Распознано: one beach
2025-02-09 10:47:12,828 - INFO - Распознано: долбить
2025-02-09 10:47:44,073 - INFO - Распознано: hurst
2025-02-09 10:47:44,252 - INFO - Распознано: пустить
2025-02-09 10:48:07,353 - INFO - Распознано: who the
2025-02-09 10:48:07,812 - INFO - Распознано: ну дочкой
2025-02-09 10:48:23,657 - INFO - Распознано: кто
2025-02-09 10:48:24,616 - INFO - Распознано: to
2025-02-09 10:48:29,890 - INFO - Распознано: вбок мышления
2025-02-09 10:48:29,902 - INFO - Распознано: one book room
2025-02-09 10:49:59,665 - INFO - Распознано: when those
2025-02-09 10:50:19,826 - INFO - Распознано: ha
2025-02-09 10:51:10,217 - INFO - Распознано: whoa
2025-02-09 10:51:10,470 - INFO - Распознано: на
2025-02-09 10:51:30,396 - INFO - Распознано: he can bring to your
2025-02-09 10:51:30,642 - INFO - Распознано: тебе не твоя
2025-02-09 10:51:42,179 - INFO - Распознано: he good and evil you are
2025-02-09 10:51:42,389 - INFO - Распознано: тебе говори никогда
2025-02-09 10:51:45,752 - INFO - Распознано: а я говорю тебе
2025-02-09 10:51:46,016 - INFO - Распознано: are going to be
2025-02-09 10:52:00,439 - INFO - Распознано: you're good to be any good the you know the booth come in a real brushes
2025-02-09 10:52:00,649 - INFO - Распознано: я говорю тебе никогда не надо поезд ко мне на вы обращаться
2025-02-09 10:52:09,777 - INFO - Распознано: nunes the the fishes
2025-02-09 10:52:10,035 - INFO - Распознано: мне не зная да хоть сейчас
2025-02-09 10:52:19,160 - INFO - Распознано: смотря что все относительно
2025-02-09 10:52:19,174 - INFO - Распознано: a threat to the shirtless listen to me
2025-02-09 10:52:23,220 - INFO - Распознано: конечно
2025-02-09 10:52:23,230 - INFO - Распознано: condition
2025-02-09 10:52:29,725 - INFO - Распознано: school is already live
2025-02-09 10:52:29,940 - INFO - Распознано: сколько уже лет
2025-02-09 10:52:37,451 - INFO - Распознано: мен
2025-02-09 10:52:41,349 - INFO - Распознано: yeah i'm getting there with work for with article is from total below robot issues
2025-02-09 10:52:42,039 - INFO - Распознано: первоклашки там где мастер-класс с тоже бы новый обращались
2025-02-09 10:52:47,389 - INFO - Распознано: one person was to be
2025-02-09 10:52:47,629 - INFO - Распознано: а потому что большой
2025-02-09 10:52:51,957 - INFO - Распознано: genius
2025-02-09 10:52:52,430 - INFO - Распознано: денис
2025-02-09 10:53:01,468 - INFO - Распознано: her
2025-02-09 10:53:01,717 - INFO - Распознано: что
2025-02-09 10:53:06,270 - INFO - Распознано: ship it took
2025-02-09 10:53:06,510 - INFO - Распознано: що пяток
2025-02-09 10:53:18,509 - INFO - Распознано: для чего я говорю если первоклассник обращается к девять классик он тоже новые быть обращаться в том что он думаю что тут старше
2025-02-09 10:53:18,754 - INFO - Распознано: the true yeah good are you stupid or less like appreciating just close conclusion over with a brush it's first still that could stash
2025-02-09 10:53:22,871 - INFO - Распознано: the tigris had those numbers can use the
2025-02-09 10:53:23,079 - INFO - Распознано: но и так вообще должно быть конечно
2025-02-09 10:53:34,406 - INFO - Распознано: one real will you ever a thick
2025-02-09 10:53:34,602 - INFO - Распознано: наверно на я бы так
2025-02-09 10:53:39,411 - INFO - Распознано: the
2025-02-09 10:53:43,719 - INFO - Распознано: мы в первый класс я не помню чтобы мне дредд
2025-02-09 10:53:43,994 - INFO - Распознано: the fearlessly and personally and run
2025-02-09 10:53:48,528 - INFO - Распознано: streets month burton
2025-02-09 10:53:49,005 - INFO - Распознано: встретимся в пятна
2025-02-09 10:54:06,080 - INFO - Распознано: he did this just eighty
2025-02-09 10:54:06,279 - INFO - Распознано: иди дальше найдёшь третий
2025-02-09 10:54:09,420 - INFO - Распознано: ты что боишься
2025-02-09 10:54:09,647 - INFO - Распознано: to reached
2025-02-09 10:54:23,824 - INFO - Распознано: с
2025-02-09 10:56:24,531 - INFO - Распознано: hello
2025-02-09 10:56:25,000 - INFO - Распознано: но
2025-02-09 10:56:40,140 - INFO - Распознано: у меня такое не пригодится
2025-02-09 10:56:40,387 - INFO - Распознано: who knew a green figured it's
2025-02-09 10:58:40,154 - INFO - Распознано: hello
2025-02-09 10:58:40,620 - INFO - Распознано: а
2025-02-09 10:58:50,698 - INFO - Распознано: закончили
2025-02-09 10:58:50,926 - INFO - Распознано: the grinch
2025-02-09 10:59:36,628 - INFO - Распознано: но если ты ни разу не
2025-02-09 10:59:36,893 - INFO - Распознано: where's israel from
2025-02-09 11:00:06,637 - INFO - Распознано: hook
2025-02-09 11:00:07,109 - INFO - Распознано: как
2025-02-09 11:01:24,677 - INFO - Создан следующий путь для планировщика: G:\PycharmProjects\start_assistant.bat
2025-02-09 11:01:24,747 - INFO - Ответ ассистента: добрый вечер
2025-02-09 11:01:26,380 - INFO - Попытка загрузки модели
2025-02-09 11:01:26,380 - INFO - Используются модели:  ru - G:\PycharmProjects\oldAssistant_v2\model_ru; en - G:\PycharmProjects\oldAssistant_v2\model_en
2025-02-09 11:01:27,528 - INFO - Модели успешно загружены.
2025-02-09 11:01:41,924 - INFO - Распознано: during the first to rest
2025-02-09 11:01:42,180 - INFO - Распознано: джонни запусти рост
2025-02-09 11:01:42,202 - INFO - Ответ ассистента: повтори ка еще раз
2025-02-09 11:01:47,589 - INFO - Распознано: джонни запусти мне раст
2025-02-09 11:01:47,595 - INFO - Запуск игры через Steam: 252490
2025-02-09 11:01:47,607 - INFO - Ответ ассистента: запускаю
2025-02-09 11:01:48,913 - INFO - Ответ ассистента: подожди. собираю данные о процессах
2025-02-09 11:01:51,551 - INFO - Ответ ассистента: произошла ошибка
2025-02-09 11:01:53,461 - ERROR - Ошибка при открытии игры через Steam: name 'game_id' is not defined
2025-02-09 11:01:53,602 - INFO - Распознано: during his perceived new rest
2025-02-09 11:01:56,256 - INFO - Распознано: a crash
2025-02-09 11:01:56,471 - INFO - Распознано: какая ошибка
2025-02-09 11:02:07,357 - INFO - Распознано: after that
2025-02-09 11:02:07,580 - INFO - Распознано: ну тогда
2025-02-09 11:02:09,311 - INFO - Ответ ассистента: не выключай меня пожалуйста
2025-02-09 11:02:09,333 - INFO - Остановка аудиопотока...
2025-02-09 11:03:05,064 - INFO - Создан следующий путь для планировщика: G:\PycharmProjects\start_assistant.bat
2025-02-09 11:03:05,108 - INFO - Ответ ассистента: ну привет
2025-02-09 11:03:06,820 - INFO - Попытка загрузки модели
2025-02-09 11:03:06,820 - INFO - Используются модели:  ru - G:\PycharmProjects\oldAssistant_v2\model_ru; en - G:\PycharmProjects\oldAssistant_v2\model_en
2025-02-09 11:03:07,826 - INFO - Модели успешно загружены.
2025-02-09 11:03:16,359 - INFO - Распознано: джонни запусти раст
2025-02-09 11:03:16,365 - INFO - Запуск игры через Steam: 252490
2025-02-09 11:03:16,373 - INFO - Ответ ассистента: открываю
2025-02-09 11:03:17,682 - INFO - Ответ ассистента: подожди. собираю данные о процессах
2025-02-09 11:03:40,343 - INFO - Новые процессы: ['RustClient.exe', 'UnityCrashHandler64.exe', 'backgroundTaskHost.exe', 'EasyAntiCheat_EOS.exe']
2025-02-09 11:03:40,343 - INFO - Имена процессов для ярлыка 'Rust.url' сохранены в файл.
2025-02-09 11:03:40,344 - INFO - Ответ ассистента: процессы записаны
2025-02-09 11:03:42,408 - INFO - Распознано: during the push cheap addressed
2025-02-09 11:03:48,940 - INFO - Распознано: record of
2025-02-09 11:03:49,160 - INFO - Распознано: какая-то в
2025-02-09 11:03:50,611 - INFO - Распознано: to go
2025-02-09 11:03:51,330 - INFO - Распознано: в
2025-02-09 11:03:54,273 - INFO - Распознано: to below the sugar the
2025-02-09 11:03:54,512 - INFO - Распознано: тебе надо ещё коди
2025-02-09 11:04:02,931 - INFO - Распознано: who am i listening to ski
2025-02-09 11:04:03,400 - INFO - Распознано: ломает ночные горшки
2025-02-09 11:04:06,122 - INFO - Распознано: ah
2025-02-09 11:04:09,224 - INFO - Распознано: your journey is cruellest last mean but else
2025-02-09 11:04:09,949 - INFO - Распознано: же джонни закрывай раст наигрался
2025-02-09 11:04:10,065 - INFO - Все процессы RustClient.exe успешно завершены.
2025-02-09 11:04:10,206 - INFO - Все процессы UnityCrashHandler64.exe успешно завершены.
2025-02-09 11:04:10,318 - INFO - Все процессы backgroundTaskHost.exe успешно завершены.
2025-02-09 11:04:10,411 - INFO - Все процессы EasyAntiCheat_EOS.exe успешно завершены.
2025-02-09 11:04:10,412 - INFO - Ответ ассистента: завершаю процесс
2025-02-09 11:04:12,329 - INFO - Все процессы завершены.
2025-02-09 11:04:15,598 - INFO - Распознано: джонни запусти нефть
2025-02-09 11:04:15,604 - INFO - Ответ ассистента: открываю
2025-02-09 11:04:16,914 - INFO - Запуск Turmoil.url через Epic Games Launcher
2025-02-09 11:04:16,914 - INFO - Ответ ассистента: подожди. собираю данные о процессах
2025-02-09 11:04:39,571 - INFO - Новые процессы: ['Turmoil.exe', 'UnityCrashHandler64.exe', 'EOSOverlayRenderer-Win64-Shipping.exe']
2025-02-09 11:04:39,572 - INFO - Имена процессов для ярлыка 'Turmoil.url' сохранены в файл.
2025-02-09 11:04:39,572 - INFO - Ответ ассистента: процессы записаны
2025-02-09 11:04:41,636 - INFO - Распознано: during is a pretty nifty
2025-02-09 11:04:47,007 - INFO - Распознано: i mean sure east week mothers' twentieth
2025-02-09 11:04:47,261 - INFO - Распознано: на на все есть выведи на тест пойдёт
2025-02-09 11:04:52,081 - INFO - Распознано: her crown
2025-02-09 11:04:52,543 - INFO - Распознано: по крайней
2025-02-09 11:04:59,584 - INFO - Распознано: настройки график смутили прости учусь
2025-02-09 11:04:59,593 - INFO - Распознано: will illustrate your graphics much stitches
2025-02-09 11:05:13,019 - INFO - Распознано: джонни закрой нефти
2025-02-09 11:05:13,132 - INFO - Все процессы Turmoil.exe успешно завершены.
2025-02-09 11:05:13,243 - INFO - Все процессы UnityCrashHandler64.exe успешно завершены.
2025-02-09 11:05:13,344 - ERROR - Не удалось завершить процесс EOSOverlayRenderer-Win64-Shipping.exe.
2025-02-09 11:05:13,345 - INFO - Ответ ассистента: сам не можешь закрыть. ну ладно
2025-02-09 11:05:15,962 - INFO - Все процессы завершены.
2025-02-09 11:05:16,098 - INFO - Распознано: during the crew neft
2025-02-09 11:05:21,600 - INFO - Распознано: все закрывается
2025-02-09 11:05:21,868 - INFO - Распознано: shows grow it's
2025-02-09 11:05:24,007 - INFO - Распознано: it was little
2025-02-09 11:05:24,249 - INFO - Распознано: теперь можно
2025-02-09 11:05:28,091 - INFO - Распознано: и вс кие тоже работает
2025-02-09 11:05:28,102 - INFO - Распознано: a pic of skittles robert
2025-02-09 11:05:38,183 - INFO - Распознано: how much you're honest
2025-02-09 11:05:38,401 - INFO - Распознано: матча юность
2025-02-09 11:05:41,296 - INFO - Распознано: so much honest
2025-02-09 11:05:41,529 - INFO - Распознано: сморчок настя
2025-02-09 11:05:46,364 - INFO - Распознано: me
2025-02-09 11:05:49,690 - INFO - Распознано: когда-нибудь поиграем
2025-02-09 11:05:49,697 - INFO - Распознано: he claims program
2025-02-09 11:05:52,320 - INFO - Распознано: нет
2025-02-09 11:05:52,582 - INFO - Распознано: who
2025-02-09 11:05:58,337 - INFO - Распознано: can been close to it she serve couldn't issue hi there
2025-02-09 11:05:58,811 - INFO - Распознано: кем дымка стоит шестьсот сорок одна тысяча хайдер
2025-02-09 11:06:00,254 - INFO - Распознано: there
2025-02-09 11:06:00,730 - INFO - Распознано: дверок
2025-02-09 11:06:06,498 - INFO - Распознано: her
2025-02-09 11:06:08,180 - INFO - Распознано: overlooked
2025-02-09 11:06:10,080 - INFO - Распознано: это валюта хера кстати дёшево
2025-02-09 11:06:10,336 - INFO - Распознано: she rocks touch and you're sure
2025-02-09 11:06:15,196 - INFO - Распознано: and you scoop it's still to shuttle blew shortage
2025-02-09 11:06:15,402 - INFO - Распознано: индонезийской рупия это четыре тысячи рублей всего лишь
2025-02-09 11:06:17,804 - INFO - Распознано: breaking
2025-02-09 11:06:18,059 - INFO - Распознано: прикинь
2025-02-09 11:06:23,569 - INFO - Распознано: whoa
2025-02-09 11:06:24,042 - INFO - Распознано: ну
2025-02-09 11:06:26,701 - INFO - Распознано: как будет недорого
2025-02-09 11:06:26,935 - INFO - Распознано: can boot new the river
2025-02-09 11:06:34,392 - INFO - Распознано: as quick stated
2025-02-09 11:06:34,860 - INFO - Распознано: сколько стоит этот
2025-02-09 11:06:36,788 - INFO - Распознано: sir desert
2025-02-09 11:06:37,261 - INFO - Распознано: цивилизация
2025-02-09 11:06:39,187 - INFO - Распознано: miller on
2025-02-09 11:06:39,400 - INFO - Распознано: миллион
2025-02-09 11:06:43,242 - INFO - Распознано: блюд девяносто руки
2025-02-09 11:06:43,729 - INFO - Распознано: malone's or last o'keeffe
2025-02-09 11:06:50,933 - INFO - Распознано: in practice though
2025-02-09 11:06:51,400 - INFO - Распознано: четыре я неправильно поставь
2025-02-09 11:06:54,077 - INFO - Распознано: her purse take millions of lives
2025-02-09 11:06:55,031 - INFO - Распознано: yeah
2025-02-09 11:06:55,241 - INFO - Распознано: как поставить миллион девяносто тысяч
2025-02-09 11:07:01,743 - INFO - Распознано: cyril joseph she's pulling dish
2025-02-09 11:07:02,222 - INFO - Распознано: так что все равно дёшево шесть с половиной тысячи
2025-02-09 11:07:06,067 - INFO - Распознано: russia on the laser producer him
2025-02-09 11:07:06,541 - INFO - Распознано: короче в индонезия переезжаем
2025-02-09 11:07:17,590 - INFO - Распознано: так сильно на три тысячи рублей дешевле
2025-02-09 11:07:17,815 - INFO - Распознано: huh couldn't not really sure blue to shoot
2025-02-09 11:07:24,541 - INFO - Распознано: you know federal eleven visited is a physicist flu dish
2025-02-09 11:07:25,009 - INFO - Распознано: не но все равно ладно даже цивилизации за шесть с половиной тысячи
2025-02-09 11:07:35,349 - INFO - Распознано: чего желаю мы готовы
2025-02-09 11:07:35,358 - INFO - Распознано: to really look at all
2025-02-09 11:07:44,477 - INFO - Распознано: to me
2025-02-09 11:07:44,949 - INFO - Распознано: в стиле
2025-02-09 11:07:47,829 - INFO - Распознано: она выпивки
2025-02-09 11:07:48,061 - INFO - Распознано: hello replica
2025-02-09 11:07:53,609 - INFO - Распознано: just ridiculous
2025-02-09 11:07:54,079 - INFO - Распознано: есть все
2025-02-09 11:07:56,469 - INFO - Распознано: нора недост
2025-02-09 11:07:56,695 - INFO - Распознано: what i knew dust
2025-02-09 11:08:02,944 - INFO - Распознано: hello
2025-02-09 11:08:03,412 - INFO - Распознано: надо
2025-02-09 11:08:31,041 - INFO - Распознано: sister if you're a alone much longer
2025-02-09 11:08:31,255 - INFO - Распознано: шестое февраля уже можно игра
2025-02-09 11:08:34,129 - INFO - Распознано: далёк сек
2025-02-09 11:08:34,403 - INFO - Распознано: the look ship
2025-02-09 11:08:42,074 - INFO - Распознано: don't use your phone that edition
2025-02-09 11:08:42,292 - INFO - Распознано: тот ещё фалды родишь на
2025-02-09 11:09:06,552 - INFO - Распознано: джонни запусти раст
2025-02-09 11:09:06,559 - INFO - Запуск игры через Steam: 252490
2025-02-09 11:09:06,589 - INFO - Ответ ассистента: запускаю
2025-02-09 11:09:08,000 - INFO - Используем существующие процессы для игры 'Rust.url': ['RustClient.exe', 'UnityCrashHandler64.exe', 'backgroundTaskHost.exe', 'EasyAntiCheat_EOS.exe']
2025-02-09 11:09:08,176 - INFO - Распознано: during his of rusty rest
2025-02-09 11:09:13,241 - INFO - Распознано: one
2025-02-09 11:09:25,275 - INFO - Распознано: it's reported last year period
2025-02-09 11:09:25,452 - INFO - Распознано: это же просто играет
2025-02-09 11:09:29,078 - INFO - Распознано: look across pushed that
2025-02-09 11:09:30,989 - INFO - Распознано: ну как раз почти так же это люкс
2025-02-09 11:09:31,214 - INFO - Распознано: a to the looks
2025-02-09 11:09:35,539 - INFO - Распознано: prince us
2025-02-09 11:09:35,790 - INFO - Распознано: предзаказ
2025-02-09 11:09:37,231 - INFO - Распознано: лет
2025-02-09 11:09:40,616 - INFO - Распознано: yeah
2025-02-09 11:09:43,993 - INFO - Распознано: ha ha
2025-02-09 11:09:44,434 - INFO - Распознано: а я ветра
2025-02-09 11:09:49,938 - INFO - Распознано: prefer it to the regular little poof
2025-02-09 11:09:50,190 - INFO - Распознано: полторы полтора миллиона рупий в
2025-02-09 11:09:58,569 - INFO - Распознано: средняя зарплата индонезия
2025-02-09 11:09:58,839 - INFO - Распознано: sudanese are put on malaysia
2025-02-09 11:10:14,619 - INFO - Распознано: нормально
2025-02-09 11:10:14,632 - INFO - Распознано: don't let alone
2025-02-09 11:10:19,093 - INFO - Распознано: средняя зарплата индонезии девять миллионов рупий в месяц
2025-02-09 11:10:19,322 - INFO - Распознано: students are put into his judgment on hooked if mists
2025-02-09 11:10:27,454 - INFO - Распознано: step roster look at were obliterated signal
2025-02-09 11:10:27,661 - INFO - Распознано: считай просто ну как бы одну девятая сериал
2025-02-09 11:10:47,626 - INFO - Распознано: honda
2025-02-09 11:10:51,682 - INFO - Распознано: да ну пятьдесят шестьдесят но также получается
2025-02-09 11:10:51,697 - INFO - Распознано: look he said will targeted bullshit
2025-02-09 11:11:03,695 - INFO - Распознано: the clippers the should bucks of understood letters written
2025-02-09 11:11:04,166 - INFO - Распознано: зато написано шестьсот баксов до шестьсот метров средняя
2025-02-09 11:11:07,522 - INFO - Распознано: ну да по-разному
2025-02-09 11:11:07,798 - INFO - Распознано: hilda up arousal
2025-02-09 11:11:14,500 - INFO - Распознано: не там реально прямо от случая к случаю
2025-02-09 11:11:14,512 - INFO - Распознано: i'm really promotes lucic solution
2025-02-09 11:11:17,169 - INFO - Распознано: to the cause a lot of money to go in each
2025-02-09 11:11:17,415 - INFO - Распознано: заказа нормально твой гавани що
2025-02-09 11:11:20,783 - INFO - Распознано: hello
2025-02-09 11:11:21,005 - INFO - Распознано: на на
2025-02-09 11:11:32,781 - INFO - Распознано: no
2025-02-09 11:11:34,222 - INFO - Распознано: dr cool
2025-02-09 11:11:34,442 - INFO - Распознано: но такое
2025-02-09 11:11:46,554 - INFO - Распознано: the only use the over noble that occurs at what he is travel my bills him
2025-02-09 11:11:47,032 - INFO - Распознано: не но если бы у меня была такая зарплаты и без траву на бенц хотя бы
2025-02-09 11:11:48,718 - INFO - Распознано: thirty that the
2025-02-09 11:11:48,938 - INFO - Распознано: тогда да
2025-02-09 11:11:55,191 - INFO - Распознано: just two days this recognition
2025-02-09 11:11:55,657 - INFO - Распознано: чистая да я не знаю с ракет может
2025-02-09 11:11:59,982 - INFO - Распознано: это в даже может быть поменьше
2025-02-09 11:12:00,250 - INFO - Распознано: it does it more was permission
2025-02-09 11:12:08,172 - INFO - Распознано: more new chip looking for sure if not i'll for jets just to to them all
2025-02-09 11:12:08,400 - INFO - Распознано: но они типа компенсировать на натал получается чистыми тогда мало
2025-02-09 11:12:13,421 - INFO - Распознано: я не знаю оно как бы должно быть заложена в цену
2025-02-09 11:12:13,693 - INFO - Распознано: jeans now look for the resolution of turn
2025-02-09 11:12:17,282 - INFO - Распознано: what a crushing cold on to preserve engine is alone
2025-02-09 11:12:17,521 - INFO - Распознано: вот так очень кого там только из-за бензина заложен
2025-02-09 11:12:25,689 - INFO - Распознано: for almost two years to come as a curse choose to this gifts and door shallow
2025-02-09 11:12:25,908 - INFO - Распознано: потому что если там заказ чистый без коэффициент кто вообще мало
2025-02-09 11:12:29,618 - INFO - Распознано: the brimful it's just too was a binge watch solution
2025-02-09 11:12:30,092 - INFO - Распознано: ты прям получается чистый с бензин платье в себе все
2025-02-09 11:12:31,775 - INFO - Распознано: roebuck which
2025-02-09 11:12:32,241 - INFO - Распознано: ну пиво банку купишь
2025-02-09 11:12:51,953 - INFO - Распознано: he pretty much a secure enough jr
2025-02-09 11:12:54,584 - INFO - Распознано: electricity transmission with nimitz
2025-02-09 11:12:54,801 - INFO - Распознано: были на часы херня в почему меня в игре чувствительность мышь поднимается
2025-02-09 11:12:59,876 - INFO - Распознано: one one sister
2025-02-09 11:13:00,563 - INFO - Распознано: нормально все сне
2025-02-09 11:13:05,623 - INFO - Распознано: just useless
2025-02-09 11:13:06,099 - INFO - Распознано: все светимость
2025-02-09 11:13:20,499 - INFO - Распознано: странно
2025-02-09 11:13:20,727 - INFO - Распознано: he strung
2025-02-09 11:13:27,252 - INFO - Ответ ассистента: не выключай меня пожалуйста
2025-02-09 11:13:27,273 - INFO - Остановка аудиопотока...
2025-02-09 11:25:11,957 - INFO - Ответ ассистента: здравствуйте
2025-02-09 11:25:13,569 - INFO - Попытка загрузки модели
2025-02-09 11:25:13,569 - INFO - Используются модели:  ru - G:\PycharmProjects\oldAssistant_v2\model_ru; en - G:\PycharmProjects\oldAssistant_v2\model_en
2025-02-09 11:25:14,495 - INFO - Модели успешно загружены.
2025-02-09 11:25:20,558 - INFO - Распознано: and then you had green meter
2025-02-09 11:25:20,799 - INFO - Распознано: здания открой микшер
2025-02-09 11:25:27,064 - INFO - Распознано: hundred cream mixture
2025-02-09 11:25:27,319 - INFO - Распознано: джонни открой микшер
2025-02-09 11:25:27,348 - INFO - Микшер громкости открыт.
2025-02-09 11:25:27,348 - INFO - Ответ ассистента: в процессе
2025-02-09 11:25:36,937 - INFO - Распознано: hush
2025-02-09 11:25:37,154 - INFO - Распознано: ошибка
2025-02-09 11:25:48,618 - INFO - Микшер громкости открыт.
2025-02-09 11:25:48,619 - INFO - Ответ ассистента: в процессе
2025-02-09 11:28:15,333 - INFO - Микшер громкости открыт.
2025-02-09 11:28:15,333 - INFO - Ответ ассистента: в процессе
2025-02-09 11:28:57,654 - INFO - Микшер громкости открыт.
2025-02-09 11:28:57,655 - INFO - Ответ ассистента: выключаю комп, да это шутка
2025-02-09 11:30:42,433 - INFO - Микшер громкости открыт.
2025-02-09 11:30:42,433 - INFO - Ответ ассистента: запускаю
2025-02-09 11:30:58,623 - INFO - Микшер громкости открыт.
2025-02-09 11:30:58,623 - INFO - Ответ ассистента: выключаю комп, да это шутка
2025-02-09 11:31:19,130 - INFO - Ответ ассистента: выключаю комп, да это шутка
2025-02-09 11:32:34,047 - INFO - Ответ ассистента: выключаю комп, да это шутка
2025-02-09 11:32:36,368 - INFO - Микшер громкости открыт.
2025-02-09 11:34:36,888 - INFO - Микшер громкости открыт.
2025-02-09 11:34:36,889 - ERROR - Ошибка при открытии микшера громкости: list index out of range
Traceback (most recent call last):
  File "G:\PycharmProjects\oldAssistant_v2\function_list_main.py", line 41, in open_volume_mixer
    volume_mixer = gw.getWindowsWithTitle('Громкость')[0]  # Название окна может варьироваться
IndexError: list index out of range
2025-02-09 11:34:56,808 - INFO - Микшер громкости открыт.
2025-02-09 11:34:56,810 - ERROR - Ошибка при открытии микшера громкости: list index out of range
Traceback (most recent call last):
  File "G:\PycharmProjects\oldAssistant_v2\function_list_main.py", line 41, in open_volume_mixer
    volume_mixer = gw.getWindowsWithTitle('Микшер громкости')[0]  # Название окна может варьироваться
IndexError: list index out of range
2025-02-09 11:37:34,297 - INFO - Микшер громкости открыт.
2025-02-09 11:37:34,299 - WARNING - Окно микшера громкости не найдено.
2025-02-09 11:37:34,299 - INFO - Ответ ассистента: выключаю комп, да это шутка
2025-02-09 11:38:16,657 - INFO - Микшер громкости открыт.
2025-02-09 11:38:16,658 - INFO - Ответ ассистента: выключаю комп, да это шутка
2025-02-09 11:38:57,950 - INFO - Ответ ассистента: здравствуйте
2025-02-09 11:38:59,565 - INFO - Попытка загрузки модели
2025-02-09 11:38:59,565 - INFO - Используются модели:  ru - G:\PycharmProjects\oldAssistant_v2\model_ru; en - G:\PycharmProjects\oldAssistant_v2\model_en
2025-02-09 11:39:00,581 - INFO - Модели успешно загружены.
2025-02-09 11:39:03,299 - INFO - Распознано: открой мир
2025-02-09 11:39:06,858 - INFO - Распознано: the green
2025-02-09 11:39:08,562 - INFO - Распознано: outgoing maker
2025-02-09 11:39:09,028 - INFO - Распознано: джонни открой микшер
2025-02-09 11:39:09,039 - INFO - Микшер громкости открыт.
2025-02-09 11:39:09,040 - INFO - Ответ ассистента: выключаю комп, да это шутка
2025-02-09 11:39:15,137 - INFO - Распознано: who's your journey giovanni
2025-02-09 11:39:15,378 - INFO - Распознано: джонни джованни
2025-02-09 11:39:15,385 - INFO - Ответ ассистента: ну что тебе
2025-02-09 11:39:19,832 - INFO - Распознано: and when you ask for your mixer
2025-02-09 11:39:20,020 - INFO - Распознано: джонни открой микшер
2025-02-09 11:39:20,036 - INFO - Микшер громкости открыт.
2025-02-09 11:39:20,037 - INFO - Ответ ассистента: запускаю
2025-02-09 11:39:26,854 - INFO - Распознано: during his approach to arrest
2025-02-09 11:39:27,075 - INFO - Распознано: джонни запусти вест
2025-02-09 11:39:27,084 - INFO - Ответ ассистента: повтори ка еще раз
